<?xml version="1.0" encoding="UTF-8"?>
<!-- Generated by org.testng.reporters.JUnitXMLReporter -->
<testsuite ignored="0" hostname="DESKTOP-FGV8UT0" failures="0" tests="3" name="Automation Test Postman Echo" time="4.78" errors="0" timestamp="2025-07-25T11:31:50 NZST">
  <testcase classname="userManagement.getPostmanEcho" name="validateResponseBodyGetBasicAuth" time="1.516"/>
  <testcase classname="userManagement.getPostmanEcho" name="validateResponseBodyGetDigestAuth" time="1.619"/>
  <testcase classname="userManagement.getPostmanEcho" name="validateWithTestDataFromJson" time="1.629"/>
</testsuite> <!-- Automation Test Postman Echo -->
