<?xml version="1.0" encoding="UTF-8"?>
<!-- Generated by org.testng.reporters.JUnitXMLReporter -->
<testsuite ignored="0" hostname="DESKTOP-FGV8UT0" failures="0" tests="5" name="Automation Test Get Users" time="9.167" errors="0" timestamp="2025-07-25T11:31:45 NZST">
  <testcase classname="userManagement.getUsers" name="getUserData" time="4.484"/>
  <testcase classname="userManagement.getUsers" name="validateGetResponseBody" time="1.472"/>
  <testcase classname="userManagement.getUsers" name="validateWithDataFromPropertiesFile" time="0.168"/>
  <testcase classname="userManagement.getUsers" name="validateWithTestDataFromJson" time="1.924"/>
  <testcase classname="userManagement.getUsers" name="verifyStatusCodeDelete" time="0.989"/>
</testsuite> <!-- Automation Test Get Users -->
