<?xml version="1.0" encoding="UTF-8"?>
<!-- Generated by org.testng.reporters.JUnitXMLReporter -->
<testsuite ignored="7" hostname="DESKTOP-FGV8UT0" failures="1" tests="4" name="API Users TestCases" time="6.468" errors="0" timestamp="2025-07-26T12:06:10 NZST">
  <testcase classname="userManagement.getUsers" name="validateWithDataFromPropertiesFile" time="2.359"/>
  <testcase classname="userManagement.getUsers" name="verifyStatusCodeDelete" time="1.015">
    <skipped/>
  </testcase> <!-- verifyStatusCodeDelete -->
  <testcase classname="userManagement.getUsers" name="verifyStatusCodeDelete" time="0.874">
    <failure type="java.lang.AssertionError" message="expected [200] but found [204]">
      <![CDATA[java.lang.AssertionError: expected [200] but found [204]
at userManagement.getUsers.verifyStatusCodeDelete(getUsers.java:59)
at java.base/java.util.ArrayList.forEach(ArrayList.java:1511)
... Removed 33 stack frames]]>
    </failure>
  </testcase> <!-- verifyStatusCodeDelete -->
  <testcase classname="userManagement.getPostmanEcho" name="validateResponseBodyGetBasicAuth" time="2.109"/>
  <testcase classname="userManagement.getPostmanEcho" name="validateResponseBodyGetDigestAuth" time="0.0">
    <ignored/>
  </testcase> <!-- validateResponseBodyGetDigestAuth -->
  <testcase classname="core.BaseTest" name="@AfterSuite endReport" time="0.0">
    <ignored/>
  </testcase> <!-- @AfterSuite endReport -->
  <testcase classname="userManagement.getPostmanEcho" name="validateWithTestDataFromJson" time="0.0">
    <ignored/>
  </testcase> <!-- validateWithTestDataFromJson -->
  <testcase classname="userManagement.getUsers" name="validateGetResponseBody" time="0.0">
    <ignored/>
  </testcase> <!-- validateGetResponseBody -->
  <testcase classname="userManagement.getUsers" name="validateWithTestDataFromJson" time="0.0">
    <ignored/>
  </testcase> <!-- validateWithTestDataFromJson -->
  <testcase classname="core.BaseTest" name="@BeforeSuite config" time="0.0">
    <ignored/>
  </testcase> <!-- @BeforeSuite config -->
  <testcase classname="userManagement.getUsers" name="getUserData" time="0.0">
    <ignored/>
  </testcase> <!-- getUserData -->
</testsuite> <!-- API Users TestCases -->
